<?xml version="1.0" encoding="UTF-8"?>
<testsuite xmlns:xsi="http://www.w3.org/2001/XMLSchema-instance" xsi:noNamespaceSchemaLocation="https://maven.apache.org/surefire/maven-surefire-plugin/xsd/surefire-test-report.xsd" name="ru.netology.javaqadiplom.SavingAccountTest" time="0.621" tests="20" errors="0" skipped="0" failures="0">
  <properties>
    <property name="sun.desktop" value="windows"/>
    <property name="awt.toolkit" value="sun.awt.windows.WToolkit"/>
    <property name="java.specification.version" value="11"/>
    <property name="sun.cpu.isalist" value="amd64"/>
    <property name="sun.jnu.encoding" value="Cp1251"/>
    <property name="java.class.path" value="C:\Users\IQA\Desktop\TeamDiplom\target\test-classes;C:\Users\IQA\Desktop\TeamDiplom\target\classes;C:\Users\IQA\.m2\repository\org\junit\jupiter\junit-jupiter\5.7.0\junit-jupiter-5.7.0.jar;C:\Users\IQA\.m2\repository\org\junit\jupiter\junit-jupiter-api\5.7.0\junit-jupiter-api-5.7.0.jar;C:\Users\IQA\.m2\repository\org\apiguardian\apiguardian-api\1.1.0\apiguardian-api-1.1.0.jar;C:\Users\IQA\.m2\repository\org\opentest4j\opentest4j\1.2.0\opentest4j-1.2.0.jar;C:\Users\IQA\.m2\repository\org\junit\platform\junit-platform-commons\1.7.0\junit-platform-commons-1.7.0.jar;C:\Users\IQA\.m2\repository\org\junit\jupiter\junit-jupiter-params\5.7.0\junit-jupiter-params-5.7.0.jar;C:\Users\IQA\.m2\repository\org\junit\jupiter\junit-jupiter-engine\5.7.0\junit-jupiter-engine-5.7.0.jar;C:\Users\IQA\.m2\repository\org\junit\platform\junit-platform-engine\1.7.0\junit-platform-engine-1.7.0.jar;"/>
    <property name="java.vm.vendor" value="Eclipse Adoptium"/>
    <property name="sun.arch.data.model" value="64"/>
    <property name="user.variant" value=""/>
    <property name="java.vendor.url" value="https://adoptium.net/"/>
    <property name="user.timezone" value="Europe/Moscow"/>
    <property name="java.vm.specification.version" value="11"/>
    <property name="os.name" value="Windows Server 2022"/>
    <property name="sun.java.launcher" value="SUN_STANDARD"/>
    <property name="user.country" value="RU"/>
    <property name="sun.boot.library.path" value="C:\Program Files\Eclipse Adoptium\jdk-11.0.18.10-hotspot\bin"/>
    <property name="sun.java.command" value="C:\Temp\surefire11778197864901924329\surefirebooter2341600598080346356.jar C:\Temp\surefire11778197864901924329 2023-06-28T01-20-59_137-jvmRun1 surefire10315403833232247299tmp surefire_010213091499414356439tmp"/>
    <property name="jdk.debug" value="release"/>
    <property name="surefire.test.class.path" value="C:\Users\IQA\Desktop\TeamDiplom\target\test-classes;C:\Users\IQA\Desktop\TeamDiplom\target\classes;C:\Users\IQA\.m2\repository\org\junit\jupiter\junit-jupiter\5.7.0\junit-jupiter-5.7.0.jar;C:\Users\IQA\.m2\repository\org\junit\jupiter\junit-jupiter-api\5.7.0\junit-jupiter-api-5.7.0.jar;C:\Users\IQA\.m2\repository\org\apiguardian\apiguardian-api\1.1.0\apiguardian-api-1.1.0.jar;C:\Users\IQA\.m2\repository\org\opentest4j\opentest4j\1.2.0\opentest4j-1.2.0.jar;C:\Users\IQA\.m2\repository\org\junit\platform\junit-platform-commons\1.7.0\junit-platform-commons-1.7.0.jar;C:\Users\IQA\.m2\repository\org\junit\jupiter\junit-jupiter-params\5.7.0\junit-jupiter-params-5.7.0.jar;C:\Users\IQA\.m2\repository\org\junit\jupiter\junit-jupiter-engine\5.7.0\junit-jupiter-engine-5.7.0.jar;C:\Users\IQA\.m2\repository\org\junit\platform\junit-platform-engine\1.7.0\junit-platform-engine-1.7.0.jar;"/>
    <property name="sun.cpu.endian" value="little"/>
    <property name="user.home" value="C:\Users\IQA"/>
    <property name="user.language" value="ru"/>
    <property name="java.specification.vendor" value="Oracle Corporation"/>
    <property name="java.version.date" value="2023-01-17"/>
    <property name="java.home" value="C:\Program Files\Eclipse Adoptium\jdk-11.0.18.10-hotspot"/>
    <property name="file.separator" value="\"/>
    <property name="basedir" value="C:\Users\IQA\Desktop\TeamDiplom"/>
    <property name="java.vm.compressedOopsMode" value="32-bit"/>
    <property name="line.separator" value="&#10;"/>
    <property name="java.specification.name" value="Java Platform API Specification"/>
    <property name="java.vm.specification.vendor" value="Oracle Corporation"/>
    <property name="java.awt.graphicsenv" value="sun.awt.Win32GraphicsEnvironment"/>
    <property name="surefire.real.class.path" value="C:\Temp\surefire11778197864901924329\surefirebooter2341600598080346356.jar"/>
    <property name="user.script" value=""/>
    <property name="sun.management.compiler" value="HotSpot 64-Bit Tiered Compilers"/>
    <property name="java.runtime.version" value="11.0.18+10"/>
    <property name="user.name" value="IQA"/>
    <property name="path.separator" value=";"/>
    <property name="os.version" value="10.0"/>
    <property name="java.runtime.name" value="OpenJDK Runtime Environment"/>
    <property name="file.encoding" value="Cp1251"/>
    <property name="java.vm.name" value="OpenJDK 64-Bit Server VM"/>
    <property name="java.vendor.version" value="Temurin-11.0.18+10"/>
    <property name="localRepository" value="C:\Users\IQA\.m2\repository"/>
    <property name="java.vendor.url.bug" value="https://github.com/adoptium/adoptium-support/issues"/>
    <property name="java.io.tmpdir" value="C:\Temp\"/>
    <property name="idea.version" value="2023.1.2"/>
    <property name="java.version" value="11.0.18"/>
    <property name="user.dir" value="C:\Users\IQA\Desktop\TeamDiplom"/>
    <property name="os.arch" value="amd64"/>
    <property name="java.vm.specification.name" value="Java Virtual Machine Specification"/>
    <property name="java.awt.printerjob" value="sun.awt.windows.WPrinterJob"/>
    <property name="sun.os.patch.level" value=""/>
    <property name="java.library.path" value="C:\Program Files\Eclipse Adoptium\jdk-11.0.18.10-hotspot\bin;C:\Windows\Sun\Java\bin;C:\Windows\system32;C:\Windows;C:\Program Files\Eclipse Adoptium\jdk-11.0.18.10-hotspot\bin;C:\Windows\system32;C:\Windows;C:\Windows\System32\Wbem;C:\Windows\System32\WindowsPowerShell\v1.0\;C:\Program Files\Git\cmd;C:\Users\IQA\AppData\Local\Microsoft\WindowsApps;;C:\Users\IQA\AppData\Local\Programs\Microsoft VS Code\bin;."/>
    <property name="java.vm.info" value="mixed mode"/>
    <property name="java.vendor" value="Eclipse Adoptium"/>
    <property name="java.vm.version" value="11.0.18+10"/>
    <property name="sun.io.unicode.encoding" value="UnicodeLittle"/>
    <property name="java.class.version" value="55.0"/>
  </properties>
  <testcase name="initialExceptionLessMinBalance" classname="ru.netology.javaqadiplom.SavingAccountTest" time="0.002"/>
  <testcase name="yearPercentZeroBalance" classname="ru.netology.javaqadiplom.SavingAccountTest" time="0.011"/>
  <testcase name="payAmount" classname="ru.netology.javaqadiplom.SavingAccountTest" time="0.006"/>
  <testcase name="addAmountLessZero" classname="ru.netology.javaqadiplom.SavingAccountTest" time="0.038"/>
  <testcase name="addAmountLessMaxBalance" classname="ru.netology.javaqadiplom.SavingAccountTest" time="0.011"/>
  <testcase name="addAmount" classname="ru.netology.javaqadiplom.SavingAccountTest" time="0.002"/>
  <testcase name="addAmountMoreMaxBalance" classname="ru.netology.javaqadiplom.SavingAccountTest" time="0.009"/>
  <testcase name="initialExceptionMoreMaxBalance" classname="ru.netology.javaqadiplom.SavingAccountTest" time="0.007"/>
  <testcase name="payAmountMinBalance" classname="ru.netology.javaqadiplom.SavingAccountTest" time="0.003"/>
  <testcase name="addAmountMaxBalance" classname="ru.netology.javaqadiplom.SavingAccountTest" time="0.002"/>
  <testcase name="payAmountLessZero" classname="ru.netology.javaqadiplom.SavingAccountTest" time="0.021"/>
  <testcase name="initialExceptionNegativMinBalance" classname="ru.netology.javaqadiplom.SavingAccountTest" time="0.063"/>
  <testcase name="payAmountLessMinBalance" classname="ru.netology.javaqadiplom.SavingAccountTest" time="0.001"/>
  <testcase name="initialExceptionNegativeRate" classname="ru.netology.javaqadiplom.SavingAccountTest" time="0"/>
  <testcase name="initialBalance" classname="ru.netology.javaqadiplom.SavingAccountTest" time="0.056"/>
  <testcase name="payAmountMoreMinBalance" classname="ru.netology.javaqadiplom.SavingAccountTest" time="0.004"/>
  <testcase name="initialExceptionNegativeBalance" classname="ru.netology.javaqadiplom.SavingAccountTest" time="0.005"/>
  <testcase name="initialExceptionMinMoreMaxBalance" classname="ru.netology.javaqadiplom.SavingAccountTest" time="0.005"/>
  <testcase name="initialExceptionMaxLessMinBalance" classname="ru.netology.javaqadiplom.SavingAccountTest" time="0.006"/>
  <testcase name="yearPercent" classname="ru.netology.javaqadiplom.SavingAccountTest" time="0.042"/>
</testsuite>